<?xml version="1.0" encoding="UTF-8"?>
<!-- Generated by org.testng.reporters.JUnitReportReporter -->
<testsuite skipped="0" hostname="lynette" name="com.threatconnect.sandbox.TestScripts.HostIndicatorTest" tests="1" failures="0" timestamp="13 Sep 2019 01:41:29 GMT" time="61.286" errors="0">
  <testcase name="createHostIndicator" time="61.286" classname="com.threatconnect.sandbox.TestScripts.HostIndicatorTest"/>
</testsuite> <!-- com.threatconnect.sandbox.TestScripts.HostIndicatorTest -->
