<?xml version="1.0" encoding="UTF-8"?>
<!-- Generated by org.testng.reporters.JUnitReportReporter -->
<testsuite skipped="0" hostname="lynette" name="com.threatconnect.sandbox.TestScripts.HostIndicator" tests="1" failures="0" timestamp="11 Sep 2019 03:32:07 GMT" time="13.214" errors="0">
  <testcase name="createHostIndicator" time="13.214" classname="com.threatconnect.sandbox.TestScripts.HostIndicator"/>
</testsuite> <!-- com.threatconnect.sandbox.TestScripts.HostIndicator -->
